<?xml version="1.0" encoding="UTF-8"?>
<!-- Generated by org.testng.reporters.JUnitReportReporter -->
<testsuite hostname="WINDOWS11" failures="0" tests="4" name="TestNG.PrioritizingTest" time="0.013" errors="0" timestamp="2023-08-07T09:24:15 IST" skipped="0">
  <testcase classname="TestNG.PrioritizingTest" name="test4" time="0.012"/>
  <system-out>
    <![CDATA[test4]]>
  </system-out>
  <testcase classname="TestNG.PrioritizingTest" name="test3" time="0.000"/>
  <system-out>
    <![CDATA[test3]]>
  </system-out>
  <testcase classname="TestNG.PrioritizingTest" name="test1" time="0.001"/>
  <system-out>
    <![CDATA[test1]]>
  </system-out>
  <testcase classname="TestNG.PrioritizingTest" name="test2" time="0.000"/>
  <system-out>
    <![CDATA[test2]]>
  </system-out>
</testsuite> <!-- TestNG.PrioritizingTest -->
