<?xml version="1.0" encoding="UTF-8"?>
<!-- Generated by org.testng.reporters.JUnitReportReporter -->
<testsuite hostname="WINDOWS11" failures="0" tests="1" name="TestNG.SampleTest" time="0.008" errors="0" timestamp="2023-08-07T09:05:12 IST" skipped="0">
  <testcase classname="TestNG.SampleTest" name="demo" time="0.008"/>
  <system-out>
    <![CDATA[Hello World!]]>
  </system-out>
</testsuite> <!-- TestNG.SampleTest -->
